<?xml version="1.0" encoding="UTF-8"?>
<!-- Generated by org.testng.reporters.JUnitReportReporter -->
<testsuite hostname="LAPTOP-Q048QPGM" failures="0" tests="6" name="testCase.TC01" time="161.990" errors="0" timestamp="2023-09-05T10:20:09 IST" skipped="0">
  <testcase classname="testCase.TC01" name="verifySearchBar" time="33.797"/>
  <system-out/>
  <testcase classname="testCase.TC01" name="verifyCookieHandle" time="21.070"/>
  <system-out/>
  <testcase classname="testCase.TC01" name="verifyScrollDown" time="21.129"/>
  <system-out/>
  <testcase classname="testCase.TC01" name="verifyGetWindowhandle" time="30.640"/>
  <system-out/>
  <testcase classname="testCase.TC01" name="VerifyLogin" time="33.090"/>
  <system-out/>
  <testcase classname="testCase.TC01" name="verifyMouseHover" time="22.264"/>
  <system-out/>
</testsuite> <!-- testCase.TC01 -->
